MidnightCode/build/intermediates/manifest_merge_blame_file/debug/manifest-merger-blame-debug-report.txt
1<?xml version="1.0" encoding="utf-8"?>
2<!--
3 Note: the actual manifest file used in your APK merges this file with contributions
4     from the modules on which your app depends (such as FtcRobotController, etc).
5     So it won't ultimately be as empty as it might here appear to be :-)
6-->
7<!-- The package name here determines the package for your R class and your BuildConfig class -->
8<manifest xmlns:android="http://schemas.android.com/apk/res/android"
9    package="com.qualcomm.ftcrobotcontroller"
10    android:versionCode="35"
11    android:versionName="5.3" >
12
13    <uses-sdk
14        android:minSdkVersion="23"
14-->src/main/AndroidManifest.xml
15        android:targetSdkVersion="28" />
15-->src/main/AndroidManifest.xml
16
17    <uses-permission android:name="android.permission.RECEIVE_BOOT_COMPLETED" />
17-->[:FtcRobotController] AndroidManifest.xml:12:5-81
17-->[:FtcRobotController] AndroidManifest.xml:12:22-78
18    <uses-permission
18-->[:RobotCore-release:] AndroidManifest.xml:11:5-13:35
19        android:name="android.permission.ACCESS_WIFI_STATE"
19-->[:RobotCore-release:] AndroidManifest.xml:12:9-60
20        android:required="true" />
20-->[:RobotCore-release:] AndroidManifest.xml:13:9-32
21    <uses-permission
21-->[:RobotCore-release:] AndroidManifest.xml:14:5-16:35
22        android:name="android.permission.CHANGE_WIFI_STATE"
22-->[:RobotCore-release:] AndroidManifest.xml:15:9-60
23        android:required="true" />
23-->[:RobotCore-release:] AndroidManifest.xml:16:9-32
24    <uses-permission android:name="android.permission.BLUETOOTH" />
24-->[:RobotCore-release:] AndroidManifest.xml:17:5-68
24-->[:RobotCore-release:] AndroidManifest.xml:17:22-65
25    <uses-permission
25-->[:RobotCore-release:] AndroidManifest.xml:18:5-20:35
26        android:name="android.permission.ACCESS_NETWORK_STATE"
26-->[:RobotCore-release:] AndroidManifest.xml:19:9-63
27        android:required="true" />
27-->[:RobotCore-release:] AndroidManifest.xml:20:9-32
28    <uses-permission
28-->[:RobotCore-release:] AndroidManifest.xml:21:5-23:35
29        android:name="android.permission.CHANGE_NETWORK_STATE"
29-->[:RobotCore-release:] AndroidManifest.xml:22:9-63
30        android:required="true" />
30-->[:RobotCore-release:] AndroidManifest.xml:23:9-32
31    <uses-permission
31-->[:RobotCore-release:] AndroidManifest.xml:24:5-26:35
32        android:name="android.permission.INTERNET"
32-->[:RobotCore-release:] AndroidManifest.xml:25:9-51
33        android:required="true" /> <!-- Classified as Dangerous Permission in SDK 26 -->
33-->[:RobotCore-release:] AndroidManifest.xml:26:9-32
34    <uses-permission
34-->[:RobotCore-release:] AndroidManifest.xml:29:5-31:35
35        android:name="android.permission.WRITE_EXTERNAL_STORAGE"
35-->[:RobotCore-release:] AndroidManifest.xml:30:9-65
36        android:required="true" /> <!-- Classified as Dangerous Permission in SDK 26 -->
36-->[:RobotCore-release:] AndroidManifest.xml:31:9-32
37    <uses-permission
37-->[:RobotCore-release:] AndroidManifest.xml:33:5-35:35
38        android:name="android.permission.READ_EXTERNAL_STORAGE"
38-->[:RobotCore-release:] AndroidManifest.xml:34:9-64
39        android:required="true" /> <!-- Classified as System Permission in SDK 26 -->
39-->[:RobotCore-release:] AndroidManifest.xml:35:9-32
40    <uses-permission
40-->[:RobotCore-release:] AndroidManifest.xml:38:5-40:35
41        android:name="android.permission.WRITE_SETTINGS"
41-->[:RobotCore-release:] AndroidManifest.xml:39:9-57
42        android:required="true" /> <!-- see AppUtil.setTimeZone() -->
42-->[:RobotCore-release:] AndroidManifest.xml:40:9-32
43    <uses-permission
43-->[:RobotCore-release:] AndroidManifest.xml:43:5-45:35
44        android:name="android.permission.SET_TIME_ZONE"
44-->[:RobotCore-release:] AndroidManifest.xml:44:9-56
45        android:required="true" />
45-->[:RobotCore-release:] AndroidManifest.xml:45:9-32
46    <!--
47  Note: we suspect that this (android.permission.WAKE_LOCK) is no
48  longer needed, but haven't yet found the time necessary to verify
49  that assertion before removing it
50    -->
51    <uses-permission
51-->[:RobotCore-release:] AndroidManifest.xml:52:5-54:35
52        android:name="android.permission.WAKE_LOCK"
52-->[:RobotCore-release:] AndroidManifest.xml:53:9-52
53        android:required="true" />
53-->[:RobotCore-release:] AndroidManifest.xml:54:9-32
54    <uses-permission android:name="android.permission.CAMERA" />
54-->[:RobotCore-release:] AndroidManifest.xml:55:5-65
54-->[:RobotCore-release:] AndroidManifest.xml:55:22-62
55    <uses-permission android:name="android.permission.ACCESS_COARSE_LOCATION" />
55-->[:RobotCore-release:] AndroidManifest.xml:56:5-81
55-->[:RobotCore-release:] AndroidManifest.xml:56:22-78
56    <uses-permission
56-->[:RobotCore-release:] AndroidManifest.xml:57:5-59:35
57        android:name="com.revrobotics.permission.UPDATE_CONTROL_HUB"
57-->[:RobotCore-release:] AndroidManifest.xml:58:9-69
58        android:required="true" />
58-->[:RobotCore-release:] AndroidManifest.xml:59:9-32
59
60    <uses-feature android:name="android.hardware.usb.accessory" />
60-->[:RobotCore-release:] AndroidManifest.xml:61:5-67
60-->[:RobotCore-release:] AndroidManifest.xml:61:19-64
61    <uses-feature android:glEsVersion="0x00020000" />
61-->[:RobotCore-release:] AndroidManifest.xml:62:5-54
61-->[:RobotCore-release:] AndroidManifest.xml:62:19-51
62    <!--
63        NOTE: Any application that requests the CAMERA permission but does not
64        declare any camera features with the <uses-feature> element will be
65        assumed to use all camera features (auto-focus and flash). Thus, the
66        application will not be compatible with devices that do not support
67        all camera features. We use <uses-feature> to declare only the
68        camera features that our application does need. For instance, if you
69        request the CAMERA permission, but you do not need auto-focus or
70        flash, then declare only the android.hardware.camera feature. The
71        other camera features that you do not request will no longer be
72        assumed as required.
73    -->
74    <uses-feature android:name="android.hardware.camera" />
74-->[:RobotCore-release:] AndroidManifest.xml:76:5-60
74-->[:RobotCore-release:] AndroidManifest.xml:76:19-57
75
76    <uses-permission android:name="android.permission.READ_PHONE_STATE" />
77    <uses-permission android:name="android.permission.BLUETOOTH_ADMIN" />
77-->[:Inspection-release:] AndroidManifest.xml:12:5-74
77-->[:Inspection-release:] AndroidManifest.xml:12:22-71
78
79    <application
79-->src/main/AndroidManifest.xml:10:5-23:19
80        android:name="org.firstinspires.ftc.robotcore.internal.system.RobotApplication"
80-->[:RobotCore-release:] AndroidManifest.xml:78:18-97
81        android:allowBackup="true"
81-->[:FtcRobotController] AndroidManifest.xml:15:9-35
82        android:appComponentFactory="android.support.v4.app.CoreComponentFactory"
82-->[com.android.support:support-compat:28.0.0] AndroidManifest.xml:22:18-91
83        android:debuggable="true"
84        android:exported="true"
84-->[:Analytics-release:] AndroidManifest.xml:21:9-32
85        android:icon="@drawable/ic_launcher"
85-->[:FtcRobotController] AndroidManifest.xml:16:9-45
86        android:label="@string/app_name"
86-->[:FtcRobotController] AndroidManifest.xml:17:9-41
87        android:largeHeap="true"
87-->[:FtcRobotController] AndroidManifest.xml:18:9-33
88        android:supportsRtl="true"
88-->[com.github.dogecv:dogecv:2020.4-alpha] AndroidManifest.xml:14:9-35
89        android:theme="@style/AppThemeRedRC" >
89-->[:FtcRobotController] AndroidManifest.xml:19:9-45
90        <activity
90-->src/main/AndroidManifest.xml:11:5-22:16
91            android:name="org.firstinspires.ftc.robotcontroller.internal.PermissionValidatorWrapper"
91-->src/main/AndroidManifest.xml:11:15-103
92            android:configChanges="orientation|screenSize"
92-->src/main/AndroidManifest.xml:13:9-55
93            android:label="@string/app_name"
93-->src/main/AndroidManifest.xml:14:9-41
94            android:launchMode="singleTask"
94-->src/main/AndroidManifest.xml:15:9-40
95            android:screenOrientation="fullUser" >
95-->src/main/AndroidManifest.xml:12:9-45
96            <intent-filter>
96-->src/main/AndroidManifest.xml:17:9-20:25
97                <category android:name="android.intent.category.LAUNCHER" />
97-->src/main/AndroidManifest.xml:18:13-73
97-->src/main/AndroidManifest.xml:18:23-70
98
99                <action android:name="android.intent.action.MAIN" />
99-->src/main/AndroidManifest.xml:19:13-65
99-->src/main/AndroidManifest.xml:19:21-62
100            </intent-filter>
101        </activity>
102        <!-- Indicates to the ControlHubUpdater what the latest version of the Control Hub is that this app supports -->
103        <meta-data
103-->[:FtcRobotController] AndroidManifest.xml:22:9-24:33
104            android:name="org.firstinspires.latestSupportedControlHubVersion"
104-->[:FtcRobotController] AndroidManifest.xml:23:13-78
105            android:value="1" />
105-->[:FtcRobotController] AndroidManifest.xml:24:13-30
106
107        <activity
107-->[:FtcRobotController] AndroidManifest.xml:39:9-57:20
108            android:name="org.firstinspires.ftc.robotcontroller.internal.FtcRobotControllerActivity"
108-->[:FtcRobotController] AndroidManifest.xml:40:13-101
109            android:configChanges="orientation|screenSize"
109-->[:FtcRobotController] AndroidManifest.xml:41:13-59
110            android:label="@string/app_name"
110-->[:FtcRobotController] AndroidManifest.xml:42:13-45
111            android:launchMode="singleTask"
111-->[:FtcRobotController] AndroidManifest.xml:43:13-44
112            android:screenOrientation="fullUser" >
112-->[:FtcRobotController] AndroidManifest.xml:44:13-49
113            <intent-filter>
113-->[:FtcRobotController] AndroidManifest.xml:45:13-47:29
114                <action android:name="android.hardware.usb.action.USB_DEVICE_ATTACHED" />
114-->[:FtcRobotController] AndroidManifest.xml:46:17-90
114-->[:FtcRobotController] AndroidManifest.xml:46:25-87
115            </intent-filter>
116
117            <meta-data
117-->[:FtcRobotController] AndroidManifest.xml:49:13-51:57
118                android:name="android.hardware.usb.action.USB_DEVICE_ATTACHED"
118-->[:FtcRobotController] AndroidManifest.xml:50:17-79
119                android:resource="@xml/device_filter" />
119-->[:FtcRobotController] AndroidManifest.xml:51:17-54
120
121            <!-- org.firstinspires.main.entry indicates that this app is compatible with the Dragonboard Control Hub -->
122            <meta-data
122-->[:FtcRobotController] AndroidManifest.xml:54:13-56:40
123                android:name="org.firstinspires.main.entry"
123-->[:FtcRobotController] AndroidManifest.xml:55:17-60
124                android:value="true" />
124-->[:FtcRobotController] AndroidManifest.xml:56:17-37
125        </activity> <!-- The robot controller service in which most of the robot functionality is managed -->
126        <service
126-->[:FtcRobotController] AndroidManifest.xml:60:9-62:38
127            android:name="com.qualcomm.ftccommon.FtcRobotControllerService"
127-->[:FtcRobotController] AndroidManifest.xml:61:13-76
128            android:enabled="true" /> <!-- Service that keeps desktop folders up to date with respect to actual phone file system contents -->
128-->[:FtcRobotController] AndroidManifest.xml:62:13-35
129        <service
129-->[:RobotCore-release:] AndroidManifest.xml:81:9-83:38
130            android:name="org.firstinspires.ftc.robotcore.internal.files.MediaTransferProtocolMonitorService"
130-->[:RobotCore-release:] AndroidManifest.xml:82:13-110
131            android:enabled="true" />
131-->[:RobotCore-release:] AndroidManifest.xml:83:13-35
132
133        <meta-data
133-->[:RobotCore-release:] AndroidManifest.xml:85:9-87:41
134            android:name="autoStartService.org.firstinspires.ftc.robotcore.internal.files.MediaTransferProtocolMonitorService"
134-->[:RobotCore-release:] AndroidManifest.xml:86:13-127
135            android:value="BOTH|1000" /> <!-- Service that provides build services for OnBotJava -->
135-->[:RobotCore-release:] AndroidManifest.xml:87:13-38
136        <service
136-->[:RobotCore-release:] AndroidManifest.xml:90:9-92:38
137            android:name="org.firstinspires.ftc.onbotjava.OnBotJavaService"
137-->[:RobotCore-release:] AndroidManifest.xml:91:13-76
138            android:enabled="true" />
138-->[:RobotCore-release:] AndroidManifest.xml:92:13-35
139
140        <meta-data
140-->[:RobotCore-release:] AndroidManifest.xml:94:9-96:39
141            android:name="autoStartService.org.firstinspires.ftc.onbotjava.OnBotJavaService"
141-->[:RobotCore-release:] AndroidManifest.xml:95:13-93
142            android:value="RC|2000" />
142-->[:RobotCore-release:] AndroidManifest.xml:96:13-36
143
144        <receiver
144-->[:RobotCore-release:] AndroidManifest.xml:98:9-105:20
145            android:name="org.firstinspires.ftc.robotserver.internal.webserver.controlhubupdater.ChUpdaterCommManager$ChUpdaterBroadcastReceiver"
145-->[:RobotCore-release:] AndroidManifest.xml:99:13-146
146            android:exported="true"
146-->[:RobotCore-release:] AndroidManifest.xml:100:13-36
147            android:permission="android.permission.INSTALL_PACKAGES" >
147-->[:RobotCore-release:] AndroidManifest.xml:101:13-69
148            <intent-filter>
148-->[:RobotCore-release:] AndroidManifest.xml:102:13-104:29
149                <action android:name="com.revrobotics.controlhubupdater.broadcast.RESULT_BROADCAST" />
149-->[:RobotCore-release:] AndroidManifest.xml:103:17-103
149-->[:RobotCore-release:] AndroidManifest.xml:103:25-100
150            </intent-filter>
151        </receiver>
152
153        <activity
153-->[:FtcCommon-release:] AndroidManifest.xml:26:9-30:20
154            android:name="com.qualcomm.ftccommon.FtcRobotControllerSettingsActivity"
154-->[:FtcCommon-release:] AndroidManifest.xml:27:13-85
155            android:exported="true"
155-->[:FtcCommon-release:] AndroidManifest.xml:28:13-36
156            android:label="@string/settings_activity" >
156-->[:FtcCommon-release:] AndroidManifest.xml:29:13-54
157        </activity>
158        <activity
158-->[:FtcCommon-release:] AndroidManifest.xml:31:9-36:20
159            android:name="com.qualcomm.ftccommon.configuration.FtcLoadFileActivity"
159-->[:FtcCommon-release:] AndroidManifest.xml:32:13-84
160            android:configChanges="orientation|screenSize"
160-->[:FtcCommon-release:] AndroidManifest.xml:33:13-59
161            android:exported="true"
161-->[:FtcCommon-release:] AndroidManifest.xml:34:13-36
162            android:label="@string/configure_activity" >
162-->[:FtcCommon-release:] AndroidManifest.xml:35:13-55
163        </activity>
164        <activity
164-->[:FtcCommon-release:] AndroidManifest.xml:37:9-42:20
165            android:name="com.qualcomm.ftccommon.configuration.ConfigureFromTemplateActivity"
165-->[:FtcCommon-release:] AndroidManifest.xml:38:13-94
166            android:configChanges="orientation|screenSize"
166-->[:FtcCommon-release:] AndroidManifest.xml:39:13-59
167            android:exported="true"
167-->[:FtcCommon-release:] AndroidManifest.xml:40:13-36
168            android:label="@string/title_activity_configfromtemplate" >
168-->[:FtcCommon-release:] AndroidManifest.xml:41:13-70
169        </activity>
170        <activity
170-->[:FtcCommon-release:] AndroidManifest.xml:43:9-48:20
171            android:name="com.qualcomm.ftccommon.ViewLogsActivity"
171-->[:FtcCommon-release:] AndroidManifest.xml:44:13-67
172            android:configChanges="orientation|screenSize"
172-->[:FtcCommon-release:] AndroidManifest.xml:45:13-59
173            android:exported="true"
173-->[:FtcCommon-release:] AndroidManifest.xml:46:13-36
174            android:label="@string/view_logs_activity" >
174-->[:FtcCommon-release:] AndroidManifest.xml:47:13-55
175        </activity>
176        <activity
176-->[:FtcCommon-release:] AndroidManifest.xml:49:9-53:20
177            android:name="com.qualcomm.ftccommon.configuration.FtcConfigurationActivity"
177-->[:FtcCommon-release:] AndroidManifest.xml:50:13-89
178            android:configChanges="orientation|screenSize"
178-->[:FtcCommon-release:] AndroidManifest.xml:51:13-59
179            android:label="@string/app_name" >
179-->[:FtcCommon-release:] AndroidManifest.xml:52:13-45
180        </activity>
181        <activity
181-->[:FtcCommon-release:] AndroidManifest.xml:54:9-58:20
182            android:name="com.qualcomm.ftccommon.configuration.FtcNewFileActivity"
182-->[:FtcCommon-release:] AndroidManifest.xml:55:13-83
183            android:configChanges="orientation|screenSize"
183-->[:FtcCommon-release:] AndroidManifest.xml:56:13-59
184            android:label="@string/app_name" >
184-->[:FtcCommon-release:] AndroidManifest.xml:57:13-45
185        </activity>
186        <activity
186-->[:FtcCommon-release:] AndroidManifest.xml:59:9-62:73
187            android:name="com.qualcomm.ftccommon.ConfigWifiDirectActivity"
187-->[:FtcCommon-release:] AndroidManifest.xml:60:13-75
188            android:exported="true"
188-->[:FtcCommon-release:] AndroidManifest.xml:61:13-36
189            android:label="@string/title_activity_config_wifi_direct" />
189-->[:FtcCommon-release:] AndroidManifest.xml:62:13-70
190        <activity
190-->[:FtcCommon-release:] AndroidManifest.xml:63:9-67:20
191            android:name="com.qualcomm.ftccommon.FtcAdvancedRCSettingsActivity"
191-->[:FtcCommon-release:] AndroidManifest.xml:64:13-80
192            android:exported="true"
192-->[:FtcCommon-release:] AndroidManifest.xml:65:13-36
193            android:label="@string/titleAdvancedRCSettings" >
193-->[:FtcCommon-release:] AndroidManifest.xml:66:13-60
194        </activity>
195        <activity
195-->[:FtcCommon-release:] AndroidManifest.xml:68:9-71:20
196            android:name="com.qualcomm.ftccommon.FtcLynxFirmwareUpdateActivity"
196-->[:FtcCommon-release:] AndroidManifest.xml:69:13-80
197            android:exported="true" >
197-->[:FtcCommon-release:] AndroidManifest.xml:70:13-36
198        </activity>
199        <activity
199-->[:FtcCommon-release:] AndroidManifest.xml:72:9-75:20
200            android:name="com.qualcomm.ftccommon.FtcLynxModuleAddressUpdateActivity"
200-->[:FtcCommon-release:] AndroidManifest.xml:73:13-85
201            android:exported="true" >
201-->[:FtcCommon-release:] AndroidManifest.xml:74:13-36
202        </activity>
203        <activity
203-->[:FtcCommon-release:] AndroidManifest.xml:76:9-80:20
204            android:name="com.qualcomm.ftccommon.FtcWifiDirectChannelSelectorActivity"
204-->[:FtcCommon-release:] AndroidManifest.xml:77:13-87
205            android:exported="true"
205-->[:FtcCommon-release:] AndroidManifest.xml:78:13-36
206            android:label="@string/title_activity_wifi_channel_selector" >
206-->[:FtcCommon-release:] AndroidManifest.xml:79:13-73
207        </activity>
208        <activity
208-->[:FtcCommon-release:] AndroidManifest.xml:81:9-85:20
209            android:name="com.qualcomm.ftccommon.FtcWifiDirectRememberedGroupsActivity"
209-->[:FtcCommon-release:] AndroidManifest.xml:82:13-88
210            android:exported="true"
210-->[:FtcCommon-release:] AndroidManifest.xml:83:13-36
211            android:label="@string/title_activity_wifi_remembered_groups_editor" >
211-->[:FtcCommon-release:] AndroidManifest.xml:84:13-81
212        </activity>
213        <activity
213-->[:FtcCommon-release:] AndroidManifest.xml:86:9-89:20
214            android:name="com.qualcomm.ftccommon.AboutActivity"
214-->[:FtcCommon-release:] AndroidManifest.xml:87:13-64
215            android:label="@string/about_activity" >
215-->[:FtcCommon-release:] AndroidManifest.xml:88:13-51
216        </activity>
217        <activity
217-->[:FtcCommon-release:] AndroidManifest.xml:90:9-93:20
218            android:name="com.qualcomm.ftccommon.FtcAboutActivity"
218-->[:FtcCommon-release:] AndroidManifest.xml:91:13-67
219            android:label="@string/ftc_about_activity" >
219-->[:FtcCommon-release:] AndroidManifest.xml:92:13-55
220        </activity>
221        <activity
221-->[:FtcCommon-release:] AndroidManifest.xml:94:9-99:20
222            android:name="com.qualcomm.ftccommon.configuration.EditSwapUsbDevices"
222-->[:FtcCommon-release:] AndroidManifest.xml:95:13-83
223            android:configChanges="orientation|screenSize"
223-->[:FtcCommon-release:] AndroidManifest.xml:96:13-59
224            android:label="@string/edit_swap_devices_activity"
224-->[:FtcCommon-release:] AndroidManifest.xml:97:13-63
225            android:windowSoftInputMode="stateHidden" >
225-->[:FtcCommon-release:] AndroidManifest.xml:98:13-54
226        </activity>
227        <activity
227-->[:FtcCommon-release:] AndroidManifest.xml:100:9-105:20
228            android:name="com.qualcomm.ftccommon.configuration.EditMotorControllerActivity"
228-->[:FtcCommon-release:] AndroidManifest.xml:101:13-92
229            android:configChanges="orientation|screenSize"
229-->[:FtcCommon-release:] AndroidManifest.xml:102:13-59
230            android:label="@string/edit_motor_controller_activity"
230-->[:FtcCommon-release:] AndroidManifest.xml:103:13-67
231            android:windowSoftInputMode="stateHidden" >
231-->[:FtcCommon-release:] AndroidManifest.xml:104:13-54
232        </activity>
233        <activity
233-->[:FtcCommon-release:] AndroidManifest.xml:106:9-111:20
234            android:name="com.qualcomm.ftccommon.configuration.EditLegacyMotorControllerActivity"
234-->[:FtcCommon-release:] AndroidManifest.xml:107:13-98
235            android:configChanges="orientation|screenSize"
235-->[:FtcCommon-release:] AndroidManifest.xml:108:13-59
236            android:label="@string/edit_motor_controller_activity"
236-->[:FtcCommon-release:] AndroidManifest.xml:109:13-67
237            android:windowSoftInputMode="stateHidden" >
237-->[:FtcCommon-release:] AndroidManifest.xml:110:13-54
238        </activity>
239        <activity
239-->[:FtcCommon-release:] AndroidManifest.xml:112:9-117:20
240            android:name="com.qualcomm.ftccommon.configuration.EditMotorListActivity"
240-->[:FtcCommon-release:] AndroidManifest.xml:113:13-86
241            android:configChanges="orientation|screenSize"
241-->[:FtcCommon-release:] AndroidManifest.xml:114:13-59
242            android:label="@string/edit_motor_controller_activity"
242-->[:FtcCommon-release:] AndroidManifest.xml:115:13-67
243            android:windowSoftInputMode="stateHidden" >
243-->[:FtcCommon-release:] AndroidManifest.xml:116:13-54
244        </activity>
245        <activity
245-->[:FtcCommon-release:] AndroidManifest.xml:118:9-123:20
246            android:name="com.qualcomm.ftccommon.configuration.EditServoControllerActivity"
246-->[:FtcCommon-release:] AndroidManifest.xml:119:13-92
247            android:configChanges="orientation|screenSize"
247-->[:FtcCommon-release:] AndroidManifest.xml:120:13-59
248            android:label="@string/edit_servo_controller_activity"
248-->[:FtcCommon-release:] AndroidManifest.xml:121:13-67
249            android:windowSoftInputMode="stateHidden|adjustResize" >
249-->[:FtcCommon-release:] AndroidManifest.xml:122:13-67
250        </activity>
251        <activity
251-->[:FtcCommon-release:] AndroidManifest.xml:124:9-129:20
252            android:name="com.qualcomm.ftccommon.configuration.EditLegacyServoControllerActivity"
252-->[:FtcCommon-release:] AndroidManifest.xml:125:13-98
253            android:configChanges="orientation|screenSize"
253-->[:FtcCommon-release:] AndroidManifest.xml:126:13-59
254            android:label="@string/edit_servo_controller_activity"
254-->[:FtcCommon-release:] AndroidManifest.xml:127:13-67
255            android:windowSoftInputMode="stateHidden|adjustResize" >
255-->[:FtcCommon-release:] AndroidManifest.xml:128:13-67
256        </activity>
257        <activity
257-->[:FtcCommon-release:] AndroidManifest.xml:130:9-135:20
258            android:name="com.qualcomm.ftccommon.configuration.EditServoListActivity"
258-->[:FtcCommon-release:] AndroidManifest.xml:131:13-86
259            android:configChanges="orientation|screenSize"
259-->[:FtcCommon-release:] AndroidManifest.xml:132:13-59
260            android:label="@string/edit_servo_controller_activity"
260-->[:FtcCommon-release:] AndroidManifest.xml:133:13-67
261            android:windowSoftInputMode="stateHidden|adjustResize" >
261-->[:FtcCommon-release:] AndroidManifest.xml:134:13-67
262        </activity>
263        <activity
263-->[:FtcCommon-release:] AndroidManifest.xml:136:9-141:20
264            android:name="com.qualcomm.ftccommon.configuration.EditLegacyModuleControllerActivity"
264-->[:FtcCommon-release:] AndroidManifest.xml:137:13-99
265            android:configChanges="orientation|screenSize"
265-->[:FtcCommon-release:] AndroidManifest.xml:138:13-59
266            android:label="@string/edit_legacy_module_controller_activity"
266-->[:FtcCommon-release:] AndroidManifest.xml:139:13-75
267            android:windowSoftInputMode="stateHidden|adjustResize" >
267-->[:FtcCommon-release:] AndroidManifest.xml:140:13-67
268        </activity>
269        <activity
269-->[:FtcCommon-release:] AndroidManifest.xml:142:9-147:20
270            android:name="com.qualcomm.ftccommon.configuration.EditMatrixControllerActivity"
270-->[:FtcCommon-release:] AndroidManifest.xml:143:13-93
271            android:configChanges="orientation|screenSize"
271-->[:FtcCommon-release:] AndroidManifest.xml:144:13-59
272            android:label="@string/edit_matrix_controller_activity"
272-->[:FtcCommon-release:] AndroidManifest.xml:145:13-68
273            android:windowSoftInputMode="stateHidden|adjustResize" >
273-->[:FtcCommon-release:] AndroidManifest.xml:146:13-67
274        </activity>
275        <activity
275-->[:FtcCommon-release:] AndroidManifest.xml:148:9-153:20
276            android:name="com.qualcomm.ftccommon.configuration.EditDeviceInterfaceModuleActivity"
276-->[:FtcCommon-release:] AndroidManifest.xml:149:13-98
277            android:configChanges="orientation|screenSize"
277-->[:FtcCommon-release:] AndroidManifest.xml:150:13-59
278            android:label="@string/edit_core_device_interface_module_controller_activity"
278-->[:FtcCommon-release:] AndroidManifest.xml:151:13-90
279            android:windowSoftInputMode="stateHidden|adjustResize" >
279-->[:FtcCommon-release:] AndroidManifest.xml:152:13-67
280        </activity>
281        <activity
281-->[:FtcCommon-release:] AndroidManifest.xml:154:9-159:20
282            android:name="com.qualcomm.ftccommon.configuration.EditLynxModuleActivity"
282-->[:FtcCommon-release:] AndroidManifest.xml:155:13-87
283            android:configChanges="orientation|screenSize"
283-->[:FtcCommon-release:] AndroidManifest.xml:156:13-59
284            android:label="@string/edit_lynx_module_controller_activity"
284-->[:FtcCommon-release:] AndroidManifest.xml:157:13-73
285            android:windowSoftInputMode="stateHidden|adjustResize" >
285-->[:FtcCommon-release:] AndroidManifest.xml:158:13-67
286        </activity>
287        <activity
287-->[:FtcCommon-release:] AndroidManifest.xml:160:9-165:20
288            android:name="com.qualcomm.ftccommon.configuration.EditLynxUsbDeviceActivity"
288-->[:FtcCommon-release:] AndroidManifest.xml:161:13-90
289            android:configChanges="orientation|screenSize"
289-->[:FtcCommon-release:] AndroidManifest.xml:162:13-59
290            android:label="@string/edit_lynx_usb_device_activity"
290-->[:FtcCommon-release:] AndroidManifest.xml:163:13-66
291            android:windowSoftInputMode="stateHidden|adjustResize" >
291-->[:FtcCommon-release:] AndroidManifest.xml:164:13-67
292        </activity>
293        <activity
293-->[:FtcCommon-release:] AndroidManifest.xml:166:9-171:20
294            android:name="com.qualcomm.ftccommon.configuration.EditWebcamActivity"
294-->[:FtcCommon-release:] AndroidManifest.xml:167:13-83
295            android:configChanges="orientation|screenSize"
295-->[:FtcCommon-release:] AndroidManifest.xml:168:13-59
296            android:label="@string/edit_webcam_activity"
296-->[:FtcCommon-release:] AndroidManifest.xml:169:13-57
297            android:windowSoftInputMode="stateHidden|adjustResize" >
297-->[:FtcCommon-release:] AndroidManifest.xml:170:13-67
298        </activity>
299        <activity
299-->[:FtcCommon-release:] AndroidManifest.xml:172:9-177:20
300            android:name="com.qualcomm.ftccommon.configuration.EditPWMDevicesActivity"
300-->[:FtcCommon-release:] AndroidManifest.xml:173:13-87
301            android:configChanges="orientation|screenSize"
301-->[:FtcCommon-release:] AndroidManifest.xml:174:13-59
302            android:label="@string/edit_pwm_devices_activity"
302-->[:FtcCommon-release:] AndroidManifest.xml:175:13-62
303            android:windowSoftInputMode="stateHidden|adjustResize" >
303-->[:FtcCommon-release:] AndroidManifest.xml:176:13-67
304        </activity>
305        <activity
305-->[:FtcCommon-release:] AndroidManifest.xml:178:9-183:20
306            android:name="com.qualcomm.ftccommon.configuration.EditAnalogInputDevicesActivity"
306-->[:FtcCommon-release:] AndroidManifest.xml:179:13-95
307            android:configChanges="orientation|screenSize"
307-->[:FtcCommon-release:] AndroidManifest.xml:180:13-59
308            android:label="@string/edit_analog_input_devices_activity"
308-->[:FtcCommon-release:] AndroidManifest.xml:181:13-71
309            android:windowSoftInputMode="stateHidden|adjustResize" >
309-->[:FtcCommon-release:] AndroidManifest.xml:182:13-67
310        </activity>
311        <activity
311-->[:FtcCommon-release:] AndroidManifest.xml:184:9-189:20
312            android:name="com.qualcomm.ftccommon.configuration.EditDigitalDevicesActivity"
312-->[:FtcCommon-release:] AndroidManifest.xml:185:13-91